{"/home/laboratoria/Área de Trabalho/Projeto-Cifra-de-Cesar/src/cipher.js": {"path":"/home/laboratoria/Área de Trabalho/Projeto-Cifra-de-Cesar/src/cipher.js","statementMap":{"0":{"start":{"line":1,"column":15},"end":{"line":55,"column":1}},"1":{"start":{"line":3,"column":4},"end":{"line":3,"column":37}},"2":{"start":{"line":4,"column":4},"end":{"line":4,"column":55}},"3":{"start":{"line":5,"column":4},"end":{"line":5,"column":60}},"4":{"start":{"line":7,"column":19},"end":{"line":7,"column":47}},"5":{"start":{"line":8,"column":21},"end":{"line":8,"column":50}},"6":{"start":{"line":9,"column":24},"end":{"line":9,"column":50}},"7":{"start":{"line":11,"column":23},"end":{"line":11,"column":67}},"8":{"start":{"line":12,"column":20},"end":{"line":12,"column":22}},"9":{"start":{"line":13,"column":4},"end":{"line":25,"column":5}},"10":{"start":{"line":13,"column":14},"end":{"line":13,"column":15}},"11":{"start":{"line":14,"column":6},"end":{"line":22,"column":7}},"12":{"start":{"line":15,"column":8},"end":{"line":15,"column":24}},"13":{"start":{"line":16,"column":12},"end":{"line":22,"column":7}},"14":{"start":{"line":17,"column":10},"end":{"line":17,"column":26}},"15":{"start":{"line":20,"column":21},"end":{"line":20,"column":66}},"16":{"start":{"line":21,"column":8},"end":{"line":21,"column":42}},"17":{"start":{"line":26,"column":4},"end":{"line":26,"column":21}},"18":{"start":{"line":30,"column":4},"end":{"line":30,"column":37}},"19":{"start":{"line":31,"column":4},"end":{"line":31,"column":55}},"20":{"start":{"line":32,"column":4},"end":{"line":32,"column":60}},"21":{"start":{"line":34,"column":19},"end":{"line":34,"column":47}},"22":{"start":{"line":35,"column":21},"end":{"line":35,"column":50}},"23":{"start":{"line":36,"column":24},"end":{"line":36,"column":50}},"24":{"start":{"line":38,"column":23},"end":{"line":38,"column":67}},"25":{"start":{"line":39,"column":20},"end":{"line":39,"column":22}},"26":{"start":{"line":40,"column":4},"end":{"line":52,"column":5}},"27":{"start":{"line":40,"column":14},"end":{"line":40,"column":15}},"28":{"start":{"line":41,"column":6},"end":{"line":49,"column":7}},"29":{"start":{"line":42,"column":8},"end":{"line":42,"column":24}},"30":{"start":{"line":43,"column":12},"end":{"line":49,"column":7}},"31":{"start":{"line":44,"column":10},"end":{"line":44,"column":26}},"32":{"start":{"line":47,"column":21},"end":{"line":47,"column":70}},"33":{"start":{"line":48,"column":8},"end":{"line":48,"column":38}},"34":{"start":{"line":53,"column":4},"end":{"line":53,"column":21}}},"fnMap":{"0":{"name":"(anonymous_0)","decl":{"start":{"line":2,"column":2},"end":{"line":2,"column":3}},"loc":{"start":{"line":2,"column":42},"end":{"line":27,"column":3}},"line":2},"1":{"name":"(anonymous_1)","decl":{"start":{"line":29,"column":2},"end":{"line":29,"column":3}},"loc":{"start":{"line":29,"column":41},"end":{"line":54,"column":3}},"line":29}},"branchMap":{"0":{"loc":{"start":{"line":14,"column":6},"end":{"line":22,"column":7}},"type":"if","locations":[{"start":{"line":14,"column":6},"end":{"line":22,"column":7}},{"start":{"line":14,"column":6},"end":{"line":22,"column":7}}],"line":14},"1":{"loc":{"start":{"line":16,"column":12},"end":{"line":22,"column":7}},"type":"if","locations":[{"start":{"line":16,"column":12},"end":{"line":22,"column":7}},{"start":{"line":16,"column":12},"end":{"line":22,"column":7}}],"line":16},"2":{"loc":{"start":{"line":41,"column":6},"end":{"line":49,"column":7}},"type":"if","locations":[{"start":{"line":41,"column":6},"end":{"line":49,"column":7}},{"start":{"line":41,"column":6},"end":{"line":49,"column":7}}],"line":41},"3":{"loc":{"start":{"line":43,"column":12},"end":{"line":49,"column":7}},"type":"if","locations":[{"start":{"line":43,"column":12},"end":{"line":49,"column":7}},{"start":{"line":43,"column":12},"end":{"line":49,"column":7}}],"line":43}},"s":{"0":1,"1":9,"2":9,"3":1,"4":1,"5":1,"6":1,"7":1,"8":1,"9":1,"10":1,"11":26,"12":0,"13":26,"14":0,"15":26,"16":26,"17":1,"18":1,"19":1,"20":1,"21":1,"22":1,"23":1,"24":1,"25":1,"26":1,"27":1,"28":26,"29":0,"30":26,"31":0,"32":26,"33":26,"34":1},"f":{"0":9,"1":1},"b":{"0":[0,26],"1":[0,26],"2":[0,26],"3":[0,26]},"_coverageSchema":"43e27e138ebf9cfc5966b082cf9a028302ed4184","hash":"ffefb703aab571118b04d524e05a493b8207f7d8"}
}
