TN:
SF:/home/laboratoria/Área de Trabalho/Projeto-Cifra-de-Cesar/src/cipher.js
FN:2,(anonymous_0)
FN:29,(anonymous_1)
FNF:2
FNH:2
FNDA:9,(anonymous_0)
FNDA:1,(anonymous_1)
DA:1,1
DA:3,9
DA:4,9
DA:5,1
DA:7,1
DA:8,1
DA:9,1
DA:11,1
DA:12,1
DA:13,1
DA:14,26
DA:15,0
DA:16,26
DA:17,0
DA:20,26
DA:21,26
DA:26,1
DA:30,1
DA:31,1
DA:32,1
DA:34,1
DA:35,1
DA:36,1
DA:38,1
DA:39,1
DA:40,1
DA:41,26
DA:42,0
DA:43,26
DA:44,0
DA:47,26
DA:48,26
DA:53,1
LF:33
LH:29
BRDA:14,0,0,0
BRDA:14,0,1,26
BRDA:16,1,0,0
BRDA:16,1,1,26
BRDA:41,2,0,0
BRDA:41,2,1,26
BRDA:43,3,0,0
BRDA:43,3,1,26
BRF:8
BRH:4
end_of_record
